<?xml version="1.0" encoding="UTF-8"?>
<!-- Generated by org.testng.reporters.JUnitReportReporter -->
<testsuite skipped="0" hostname="LAPTOP-BINNFR0B" name="Demo1.TestNg_Priority" tests="2" failures="0" timestamp="2020-10-31T15:08:58 IST" time="0.009" errors="0">
  <testcase name="test2" time="0.007" classname="Demo1.TestNg_Priority"/>
  <system-out>
2  </system-out>
  <testcase name="test1" time="0.002" classname="Demo1.TestNg_Priority"/>
  <system-out>
1  </system-out>
</testsuite> <!-- Demo1.TestNg_Priority -->
