<?xml version="1.0" encoding="UTF-8"?>
<!-- Generated by org.testng.reporters.JUnitReportReporter -->
<testsuite skipped="0" hostname="LAPTOP-BINNFR0B" name="TestNg_Annotations.Login_Furper" tests="1" failures="0" timestamp="2020-10-31T22:32:45 IST" time="55.390" errors="0">
  <testcase name="test1" time="55.390" classname="TestNg_Annotations.Login_Furper"/>
  <system-out/>
</testsuite> <!-- TestNg_Annotations.Login_Furper -->
