<?xml version="1.0" encoding="UTF-8"?>
<!-- Generated by org.testng.reporters.JUnitReportReporter -->
<testsuite skipped="0" hostname="LAPTOP-BINNFR0B" name="Demo1.TestNg_Dependencies" tests="3" failures="0" timestamp="2020-10-31T15:30:50 IST" time="0.012" errors="0">
  <testcase name="trash" time="0.001" classname="Demo1.TestNg_Dependencies"/>
  <system-out>
trash  </system-out>
  <testcase name="compose" time="0.010" classname="Demo1.TestNg_Dependencies"/>
  <system-out>
compose  </system-out>
  <testcase name="sentItems" time="0.001" classname="Demo1.TestNg_Dependencies"/>
  <system-out>
SentItems  </system-out>
</testsuite> <!-- Demo1.TestNg_Dependencies -->
