<?xml version="1.0" encoding="UTF-8"?>
<!-- Generated by org.testng.reporters.JUnitReportReporter -->
<testsuite skipped="0" hostname="LAPTOP-BINNFR0B" name="Demo1.TestNg_InvocationCount" tests="4" failures="0" timestamp="2020-10-31T15:16:47 IST" time="0.012" errors="0">
  <testcase name="test2" time="0.002" classname="Demo1.TestNg_InvocationCount"/>
  <system-out>
2  </system-out>
  <testcase name="test2" time="0.001" classname="Demo1.TestNg_InvocationCount"/>
  <system-out>
2  </system-out>
  <testcase name="test1" time="0.008" classname="Demo1.TestNg_InvocationCount"/>
  <system-out>
1  </system-out>
  <testcase name="test2" time="0.001" classname="Demo1.TestNg_InvocationCount"/>
  <system-out>
2  </system-out>
</testsuite> <!-- Demo1.TestNg_InvocationCount -->
