<?xml version="1.0" encoding="UTF-8"?>
<!-- Generated by org.testng.reporters.JUnitReportReporter -->
<testsuite skipped="0" hostname="LAPTOP-BINNFR0B" name="TestNg_Annotations.Login_Act" tests="1" failures="0" timestamp="2020-10-31T22:21:30 IST" time="10.292" errors="0">
  <testcase name="testLogin" time="10.292" classname="TestNg_Annotations.Login_Act"/>
  <system-out/>
</testsuite> <!-- TestNg_Annotations.Login_Act -->
