<?xml version="1.0" encoding="UTF-8"?>
<!-- Generated by org.testng.reporters.JUnitReportReporter -->
<testsuite skipped="0" hostname="LAPTOP-BINNFR0B" name="Demo1.Demo_2" tests="1" failures="0" timestamp="2020-10-31T15:08:54 IST" time="0.009" errors="0">
  <testcase name="test2" time="0.009" classname="Demo1.Demo_2"/>
  <system-out>
2  </system-out>
</testsuite> <!-- Demo1.Demo_2 -->
